Have you created the S3 buckets yet? [y/n] Creating the Input and Output S3 buckets and folders within
S3 buckets created
Have you created a Lambda role yet? [y/n] Creating the Lambda role and attaching appropriate permissions

usage: aws [options] <command> <subcommand> [<subcommand> ...] [parameters]
To see help text, you can run:

  aws help
  aws <command> help
  aws <command> <subcommand> help

aws: error: argument --role-name: expected one argument


usage: aws [options] <command> <subcommand> [<subcommand> ...] [parameters]
To see help text, you can run:

  aws help
  aws <command> help
  aws <command> <subcommand> help

aws: error: argument --role-name: expected one argument


usage: aws [options] <command> <subcommand> [<subcommand> ...] [parameters]
To see help text, you can run:

  aws help
  aws <command> help
  aws <command> <subcommand> help

aws: error: argument --role-name: expected one argument


usage: aws [options] <command> <subcommand> [<subcommand> ...] [parameters]
To see help text, you can run:

  aws help
  aws <command> help
  aws <command> <subcommand> help

aws: error: argument --role-name: expected one argument

Failed to create a Lambda role
[ERROR:] RETURN CODE:  252
[ERROR:] REFER TO THE LOG FOR THE REASON FOR THE FAILURE.
