Have you created the S3 buckets yet? [y/n] Have you created a Lambda role yet? [y/n] Have you created a Lambda layer yet? [y/n] Have you created a Lambda function yet? [y/n] Have you created a Lambda schedule trigger yet? [y/n] Have you created an EMR role yet? [y/n] Have you registered your email that you plan to send with SES yet? [y/n] Have you created an Athena database yet? [y/n] Have you created a Glue role yet? [y/n] Creating Glue role
{
    "Role": {
        "Path": "/",
        "RoleName": "WeCloud-glue-role",
        "RoleId": "AROA236I4G73YJTQRW2I4",
        "Arn": "arn:aws:iam::747208718327:role/WeCloud-glue-role",
        "CreateDate": "2024-11-02T08:44:05+00:00",
        "AssumeRolePolicyDocument": {
            "Version": "2012-10-17",
            "Statement": [
                {
                    "Effect": "Allow",
                    "Principal": {
                        "Service": "glue.amazonaws.com"
                    },
                    "Action": "sts:AssumeRole"
                }
            ]
        }
    }
}
Glue role created
Have you created a Glue crawler yet? [y/n] Creating Glue Crawler

An error occurred (AccessDeniedException) when calling the CreateCrawler operation: User: arn:aws:iam::747208718327:user/mitchellmain is not authorized to perform: glue:CreateCrawler on resource: arn:aws:glue:ap-southeast-1:747208718327:crawler/_calendar because no identity-based policy allows the glue:CreateCrawler action

An error occurred (AccessDeniedException) when calling the CreateCrawler operation: User: arn:aws:iam::747208718327:user/mitchellmain is not authorized to perform: glue:CreateCrawler on resource: arn:aws:glue:ap-southeast-1:747208718327:crawler/_fact because no identity-based policy allows the glue:CreateCrawler action

An error occurred (AccessDeniedException) when calling the CreateCrawler operation: User: arn:aws:iam::747208718327:user/mitchellmain is not authorized to perform: glue:CreateCrawler on resource: arn:aws:glue:ap-southeast-1:747208718327:crawler/_product because no identity-based policy allows the glue:CreateCrawler action

An error occurred (AccessDeniedException) when calling the CreateCrawler operation: User: arn:aws:iam::747208718327:user/mitchellmain is not authorized to perform: glue:CreateCrawler on resource: arn:aws:glue:ap-southeast-1:747208718327:crawler/_store because no identity-based policy allows the glue:CreateCrawler action
Failed to create Glue crawler
[ERROR:] RETURN CODE:  254
[ERROR:] REFER TO THE LOG FOR THE REASON FOR THE FAILURE.
